<?xml version="1.0" encoding="UTF-8"?>
<!-- Generated by org.testng.reporters.JUnitReportReporter -->
<testsuite skipped="0" hostname="DESKTOP-DJM2UUE" name="com.assignment.testCases.NewTest" tests="1" failures="0" timestamp="21 May 2020 16:43:02 GMT" time="0.012" errors="0">
  <testcase name="f" time="0.012" classname="com.assignment.testCases.NewTest"/>
</testsuite> <!-- com.assignment.testCases.NewTest -->
